<?xml version="1.0" encoding="UTF-8"?>
<!-- Generated by org.testng.reporters.JUnitReportReporter -->
<testsuite hostname="INHYLP032" failures="0" tests="1" name="test.Test_Tax_categories" time="46.295" errors="0" timestamp="2023-08-30T18:13:42 IST" skipped="0">
  <testcase classname="test.Test_Tax_categories" name="Test_Tax_categories_levelc" time="46.295"/>
  <system-out/>
</testsuite> <!-- test.Test_Tax_categories -->
