<?xml version="1.0" encoding="UTF-8"?>
<!-- Generated by org.testng.reporters.JUnitReportReporter -->
<testsuite hostname="INHYLP032" failures="0" tests="1" name="test.Test_channel_fee_settings" time="45.382" errors="0" timestamp="2023-08-31T15:34:21 IST" skipped="0">
  <testcase classname="test.Test_channel_fee_settings" name="Test_channel_fee_settings_levelwise" time="45.382"/>
  <system-out/>
</testsuite> <!-- test.Test_channel_fee_settings -->
