<?xml version="1.0" encoding="UTF-8"?>
<!-- Generated by org.testng.reporters.JUnitReportReporter -->
<testsuite hostname="INHYLP0031" failures="0" tests="1" name="test.Test_login" time="1.656" errors="0" timestamp="2023-08-25T18:02:45 IST" skipped="0">
  <testcase classname="test.Test_login" name="Cred" time="1.656"/>
  <system-out/>
</testsuite> <!-- test.Test_login -->
