<?xml version="1.0" encoding="UTF-8"?>
<!-- Generated by org.testng.reporters.JUnitReportReporter -->
<testsuite hostname="INHYLP032" failures="0" tests="1" name="test.Test_Coupons_Categories" time="43.823" errors="0" timestamp="2023-08-30T14:13:02 IST" skipped="0">
  <testcase classname="test.Test_Coupons_Categories" name="Coupons_categories_create" time="43.823"/>
  <system-out/>
</testsuite> <!-- test.Test_Coupons_Categories -->
