<?xml version="1.0" encoding="UTF-8"?>
<!-- Generated by org.testng.reporters.JUnitReportReporter -->
<testsuite hostname="INHYLP032" failures="0" tests="1" name="test.Test_Option_types" time="56.222" errors="0" timestamp="2023-08-31T16:36:24 IST" skipped="0">
  <testcase classname="test.Test_Option_types" name="Test_Option_types_levelC" time="56.222"/>
  <system-out/>
</testsuite> <!-- test.Test_Option_types -->
